<?xml version="1.0" encoding="UTF-8"?>
<testng-results skipped="0" failed="0" total="1" passed="1">
  <reporter-output>
  </reporter-output>
  <suite name="Default suite" duration-ms="2158" started-at="2017-07-13T05:32:21Z" finished-at="2017-07-13T05:32:23Z">
    <groups>
    </groups>
    <test name="Default test" duration-ms="2158" started-at="2017-07-13T05:32:21Z" finished-at="2017-07-13T05:32:23Z">
      <class name="GetUrl">
        <test-method status="PASS" signature="setBaseUri()[pri:0, instance:GetUrl@3532ec19]" name="setBaseUri" is-config="true" duration-ms="410" started-at="2017-07-13T11:02:21Z" finished-at="2017-07-13T11:02:21Z">
          <reporter-output>
          </reporter-output>
        </test-method> <!-- setBaseUri -->
        <test-method status="PASS" signature="boardidtestStatusCode()[pri:0, instance:GetUrl@3532ec19]" name="boardidtestStatusCode" duration-ms="1737" started-at="2017-07-13T11:02:21Z" finished-at="2017-07-13T11:02:23Z">
          <reporter-output>
          </reporter-output>
        </test-method> <!-- boardidtestStatusCode -->
      </class> <!-- GetUrl -->
    </test> <!-- Default test -->
  </suite> <!-- Default suite -->
</testng-results>
